development
development
{ test: 'mongodb://localhost:27017/ntalk_test',
  development: 'mongodb://localhost:27017/ntalk' }
mongodb://localhost:27017/ntalk
{ test: 'mongodb://localhost:27017/ntalk_test',
  development: 'mongodb://localhost:27017/ntalk' }
mongodb://localhost:27017/ntalk
Ntalk no ar.
Cluster 3876 conectado
Ntalk no ar.
Cluster 2824 conectado
development
development
{ test: 'mongodb://localhost:27017/ntalk_test',
  development: 'mongodb://localhost:27017/ntalk' }
mongodb://localhost:27017/ntalk
{ test: 'mongodb://localhost:27017/ntalk_test',
  development: 'mongodb://localhost:27017/ntalk' }
mongodb://localhost:27017/ntalk
Ntalk no ar.
Cluster 708 conectado
Ntalk no ar.
Cluster 3864 conectado
development
development
{ test: 'mongodb://localhost:27017/ntalk_test',
  development: 'mongodb://localhost:27017/ntalk' }
mongodb://localhost:27017/ntalk
{ test: 'mongodb://localhost:27017/ntalk_test',
  development: 'mongodb://localhost:27017/ntalk' }
mongodb://localhost:27017/ntalk
Ntalk no ar.
Cluster 6092 conectado
Ntalk no ar.
Cluster 5804 conectado
Tue, 06 Sep 2016 16:38:45 GMT express-session fetching yKIcLfHTKlxNlVWys7eNYRbi2HIztWvC
Tue, 06 Sep 2016 16:38:45 GMT express-session session found
Tue, 06 Sep 2016 16:38:45 GMT express-session saving
Tue, 06 Sep 2016 16:38:45 GMT express-session saved
Tue, 06 Sep 2016 16:38:45 GMT express-session fetching yKIcLfHTKlxNlVWys7eNYRbi2HIztWvC
Tue, 06 Sep 2016 16:38:45 GMT express-session session found
Tue, 06 Sep 2016 16:38:45 GMT express-session fetching yKIcLfHTKlxNlVWys7eNYRbi2HIztWvC
Tue, 06 Sep 2016 16:38:45 GMT express-session session found
Tue, 06 Sep 2016 16:38:45 GMT express-session saving
Tue, 06 Sep 2016 16:38:45 GMT express-session saved
Tue, 06 Sep 2016 16:38:45 GMT express-session saving
Tue, 06 Sep 2016 16:38:45 GMT express-session saved
Tue, 06 Sep 2016 16:38:47 GMT express-session fetching yKIcLfHTKlxNlVWys7eNYRbi2HIztWvC
Tue, 06 Sep 2016 16:38:47 GMT express-session session found
Tue, 06 Sep 2016 16:38:48 GMT express-session saving
Tue, 06 Sep 2016 16:38:48 GMT express-session saved
Tue, 06 Sep 2016 16:38:48 GMT express-session fetching yKIcLfHTKlxNlVWys7eNYRbi2HIztWvC
Tue, 06 Sep 2016 16:38:48 GMT express-session session found
Tue, 06 Sep 2016 16:38:48 GMT express-session fetching yKIcLfHTKlxNlVWys7eNYRbi2HIztWvC
Tue, 06 Sep 2016 16:38:48 GMT express-session session found
Tue, 06 Sep 2016 16:38:48 GMT express-session saving
Tue, 06 Sep 2016 16:38:48 GMT express-session saving
Tue, 06 Sep 2016 16:38:48 GMT express-session saved
Tue, 06 Sep 2016 16:38:48 GMT express-session saved
Tue, 06 Sep 2016 16:38:49 GMT express-session fetching yKIcLfHTKlxNlVWys7eNYRbi2HIztWvC
Tue, 06 Sep 2016 16:38:49 GMT express-session session found
Tue, 06 Sep 2016 16:38:49 GMT express-session saving
Tue, 06 Sep 2016 16:38:49 GMT express-session saved
Tue, 06 Sep 2016 16:38:51 GMT express-session fetching yKIcLfHTKlxNlVWys7eNYRbi2HIztWvC
Tue, 06 Sep 2016 16:38:51 GMT express-session session found
Tue, 06 Sep 2016 16:38:51 GMT express-session saving
Tue, 06 Sep 2016 16:38:51 GMT express-session saved
Tue, 06 Sep 2016 16:38:52 GMT express-session fetching yKIcLfHTKlxNlVWys7eNYRbi2HIztWvC
Tue, 06 Sep 2016 16:38:52 GMT express-session session found
Tue, 06 Sep 2016 16:38:52 GMT express-session saving
Tue, 06 Sep 2016 16:38:52 GMT express-session saved
Tue, 06 Sep 2016 16:38:54 GMT express-session fetching yKIcLfHTKlxNlVWys7eNYRbi2HIztWvC
Tue, 06 Sep 2016 16:38:54 GMT express-session session found
Tue, 06 Sep 2016 16:38:54 GMT express-session saving
Tue, 06 Sep 2016 16:38:54 GMT express-session saved
development
{ test: 'mongodb://localhost:27017/ntalk_test',
  development: 'mongodb://localhost:27017/ntalk' }
mongodb://localhost:27017/ntalk
development
{ test: 'mongodb://localhost:27017/ntalk_test',
  development: 'mongodb://localhost:27017/ntalk' }
mongodb://localhost:27017/ntalk
Ntalk no ar.
Cluster 4964 conectado
Ntalk no ar.
Cluster 5296 conectado
Tue, 06 Sep 2016 16:39:25 GMT express-session fetching yKIcLfHTKlxNlVWys7eNYRbi2HIztWvC
Tue, 06 Sep 2016 16:39:25 GMT express-session session found
Tue, 06 Sep 2016 16:39:25 GMT express-session saving
Tue, 06 Sep 2016 16:39:25 GMT express-session saved
Tue, 06 Sep 2016 16:39:25 GMT express-session fetching yKIcLfHTKlxNlVWys7eNYRbi2HIztWvC
Tue, 06 Sep 2016 16:39:25 GMT express-session fetching yKIcLfHTKlxNlVWys7eNYRbi2HIztWvC
Tue, 06 Sep 2016 16:39:25 GMT express-session session found
Tue, 06 Sep 2016 16:39:25 GMT express-session session found
Tue, 06 Sep 2016 16:39:25 GMT express-session saving
Tue, 06 Sep 2016 16:39:25 GMT express-session saving
Tue, 06 Sep 2016 16:39:25 GMT express-session saved
Tue, 06 Sep 2016 16:39:25 GMT express-session saved
Tue, 06 Sep 2016 16:39:31 GMT express-session fetching yKIcLfHTKlxNlVWys7eNYRbi2HIztWvC
Tue, 06 Sep 2016 16:39:31 GMT express-session session found
Tue, 06 Sep 2016 16:39:31 GMT express-session saving
Tue, 06 Sep 2016 16:39:31 GMT express-session saved
Tue, 06 Sep 2016 16:39:31 GMT express-session fetching yKIcLfHTKlxNlVWys7eNYRbi2HIztWvC
Tue, 06 Sep 2016 16:39:31 GMT express-session session found
Tue, 06 Sep 2016 16:39:31 GMT express-session saving
Tue, 06 Sep 2016 16:39:31 GMT express-session saved
Tue, 06 Sep 2016 16:40:09 GMT express-session fetching yKIcLfHTKlxNlVWys7eNYRbi2HIztWvC
Tue, 06 Sep 2016 16:40:09 GMT express-session session found
Tue, 06 Sep 2016 16:40:09 GMT express-session saving
Tue, 06 Sep 2016 16:40:09 GMT express-session saved
Tue, 06 Sep 2016 16:40:16 GMT express-session fetching yKIcLfHTKlxNlVWys7eNYRbi2HIztWvC
Tue, 06 Sep 2016 16:40:16 GMT express-session session found
Tue, 06 Sep 2016 16:40:16 GMT express-session saving
Tue, 06 Sep 2016 16:40:16 GMT express-session saved
development
{ test: 'mongodb://localhost:27017/ntalk_test',
  development: 'mongodb://localhost:27017/ntalk' }
mongodb://localhost:27017/ntalk
development
{ test: 'mongodb://localhost:27017/ntalk_test',
  development: 'mongodb://localhost:27017/ntalk' }
mongodb://localhost:27017/ntalk
Ntalk no ar.
Cluster 5476 conectado
Ntalk no ar.
Cluster 5820 conectado
Tue, 06 Sep 2016 16:41:38 GMT express-session fetching yKIcLfHTKlxNlVWys7eNYRbi2HIztWvC
Tue, 06 Sep 2016 16:41:38 GMT express-session session found
Tue, 06 Sep 2016 16:41:38 GMT express-session saving
Tue, 06 Sep 2016 16:41:38 GMT express-session saved
Tue, 06 Sep 2016 16:41:38 GMT express-session fetching yKIcLfHTKlxNlVWys7eNYRbi2HIztWvC
Tue, 06 Sep 2016 16:41:38 GMT express-session session found
Tue, 06 Sep 2016 16:41:38 GMT express-session fetching yKIcLfHTKlxNlVWys7eNYRbi2HIztWvC
Tue, 06 Sep 2016 16:41:38 GMT express-session session found
Tue, 06 Sep 2016 16:41:38 GMT express-session saving
Tue, 06 Sep 2016 16:41:38 GMT express-session saved
Tue, 06 Sep 2016 16:41:38 GMT express-session saving
Tue, 06 Sep 2016 16:41:38 GMT express-session saved
Tue, 06 Sep 2016 16:41:41 GMT express-session fetching yKIcLfHTKlxNlVWys7eNYRbi2HIztWvC
Tue, 06 Sep 2016 16:41:41 GMT express-session session found
Tue, 06 Sep 2016 16:41:41 GMT express-session saving
Tue, 06 Sep 2016 16:41:41 GMT express-session saved
Tue, 06 Sep 2016 16:41:41 GMT express-session fetching yKIcLfHTKlxNlVWys7eNYRbi2HIztWvC
Tue, 06 Sep 2016 16:41:41 GMT express-session session found
Tue, 06 Sep 2016 16:41:41 GMT express-session saving
Tue, 06 Sep 2016 16:41:41 GMT express-session saved
Tue, 06 Sep 2016 16:41:47 GMT express-session fetching yKIcLfHTKlxNlVWys7eNYRbi2HIztWvC
Tue, 06 Sep 2016 16:41:47 GMT express-session session found
Tue, 06 Sep 2016 16:41:47 GMT express-session saving
Tue, 06 Sep 2016 16:41:47 GMT express-session saved
Tue, 06 Sep 2016 16:41:49 GMT express-session fetching yKIcLfHTKlxNlVWys7eNYRbi2HIztWvC
Tue, 06 Sep 2016 16:41:49 GMT express-session session found
Tue, 06 Sep 2016 16:41:49 GMT express-session saving
Tue, 06 Sep 2016 16:41:49 GMT express-session saved
Tue, 06 Sep 2016 16:41:50 GMT express-session fetching yKIcLfHTKlxNlVWys7eNYRbi2HIztWvC
Tue, 06 Sep 2016 16:41:50 GMT express-session session found
Tue, 06 Sep 2016 16:41:50 GMT express-session saving
Tue, 06 Sep 2016 16:41:50 GMT express-session saved
Tue, 06 Sep 2016 16:41:50 GMT express-session fetching yKIcLfHTKlxNlVWys7eNYRbi2HIztWvC
Tue, 06 Sep 2016 16:41:50 GMT express-session session found
Tue, 06 Sep 2016 16:41:50 GMT express-session saving
Tue, 06 Sep 2016 16:41:50 GMT express-session saved
